<?xml version="1.0" encoding="UTF-8"?>
<!-- Generated by org.testng.reporters.JUnitXMLReporter -->
<testsuite ignored="0" hostname="TISED-073" failures="0" tests="4" name="Default test" time="212.167" errors="0" timestamp="2024-09-04T20:32:20 IST">
  <testcase classname="testcases.AccountTest" name="verifyAccountTextPresence" time="36.892"/>
  <testcase classname="testcases.AccountTest" name="verifyAccountPageElements" time="37.432"/>
  <testcase classname="testcases.AccountTest" name="verifySaveChangesButotnfunctionaoity" time="47.367"/>
  <testcase classname="testcases.AccountTest" name="verifyCancelButtonfunctionality" time="47.955"/>
</testsuite> <!-- Default test -->
