<?xml version="1.0" encoding="UTF-8"?>
<!-- Generated by org.testng.reporters.JUnitXMLReporter -->
<testsuite ignored="0" hostname="TISED-073" failures="0" tests="4" name="Default test" time="194.379" errors="0" timestamp="2024-09-03T21:28:49 IST">
  <testcase classname="testcases.LogoutTest" name="verifyLogoutTextPresence" time="36.902"/>
  <testcase classname="testcases.LogoutTest" name="verifyLogoutPageElements" time="36.804"/>
  <testcase classname="testcases.LogoutTest" name="verifyGoHomeButtonFunctionality" time="41.092"/>
  <testcase classname="testcases.LogoutTest" name="verifyFinalLogoutAction" time="47.124"/>
</testsuite> <!-- Default test -->
