<?xml version="1.0" encoding="UTF-8"?>
<testng-results ignored="0" total="4" passed="4" failed="0" skipped="0">
  <reporter-output>
  </reporter-output>
  <suite started-at="2024-09-03T21:25:35 IST" name="Default suite" finished-at="2024-09-03T21:28:49 IST" duration-ms="194379">
    <groups>
    </groups>
    <test started-at="2024-09-03T21:25:35 IST" name="Default test" finished-at="2024-09-03T21:28:49 IST" duration-ms="194379">
      <class name="testcases.LogoutTest">
        <test-method is-config="true" signature="setUp()[pri:0, instance:testcases.LogoutTest@6404f418]" started-at="2024-09-03T21:25:35 IST" name="setUp" finished-at="2024-09-03T21:25:39 IST" duration-ms="4574" status="PASS">
          <reporter-output>
          </reporter-output>
        </test-method> <!-- setUp -->
        <test-method signature="verifyLogoutTextPresence()[pri:1, instance:testcases.LogoutTest@6404f418]" started-at="2024-09-03T21:25:39 IST" name="verifyLogoutTextPresence" finished-at="2024-09-03T21:26:16 IST" duration-ms="36902" status="PASS">
          <reporter-output>
          </reporter-output>
        </test-method> <!-- verifyLogoutTextPresence -->
        <test-method is-config="true" signature="tearDown()[pri:0, instance:testcases.LogoutTest@6404f418]" started-at="2024-09-03T21:26:16 IST" name="tearDown" finished-at="2024-09-03T21:26:19 IST" duration-ms="3263" status="PASS">
          <reporter-output>
          </reporter-output>
        </test-method> <!-- tearDown -->
        <test-method is-config="true" signature="setUp()[pri:0, instance:testcases.LogoutTest@6404f418]" started-at="2024-09-03T21:26:19 IST" name="setUp" finished-at="2024-09-03T21:26:27 IST" duration-ms="7676" status="PASS">
          <reporter-output>
          </reporter-output>
        </test-method> <!-- setUp -->
        <test-method signature="verifyLogoutPageElements()[pri:2, instance:testcases.LogoutTest@6404f418]" started-at="2024-09-03T21:26:27 IST" name="verifyLogoutPageElements" finished-at="2024-09-03T21:27:04 IST" duration-ms="36804" status="PASS">
          <reporter-output>
          </reporter-output>
        </test-method> <!-- verifyLogoutPageElements -->
        <test-method is-config="true" signature="tearDown()[pri:0, instance:testcases.LogoutTest@6404f418]" started-at="2024-09-03T21:27:04 IST" name="tearDown" finished-at="2024-09-03T21:27:07 IST" duration-ms="3225" status="PASS">
          <reporter-output>
          </reporter-output>
        </test-method> <!-- tearDown -->
        <test-method is-config="true" signature="setUp()[pri:0, instance:testcases.LogoutTest@6404f418]" started-at="2024-09-03T21:27:07 IST" name="setUp" finished-at="2024-09-03T21:27:10 IST" duration-ms="3285" status="PASS">
          <reporter-output>
          </reporter-output>
        </test-method> <!-- setUp -->
        <test-method signature="verifyGoHomeButtonFunctionality()[pri:3, instance:testcases.LogoutTest@6404f418]" started-at="2024-09-03T21:27:10 IST" name="verifyGoHomeButtonFunctionality" finished-at="2024-09-03T21:27:51 IST" duration-ms="41092" status="PASS">
          <reporter-output>
          </reporter-output>
        </test-method> <!-- verifyGoHomeButtonFunctionality -->
        <test-method is-config="true" signature="tearDown()[pri:0, instance:testcases.LogoutTest@6404f418]" started-at="2024-09-03T21:27:51 IST" name="tearDown" finished-at="2024-09-03T21:27:55 IST" duration-ms="3305" status="PASS">
          <reporter-output>
          </reporter-output>
        </test-method> <!-- tearDown -->
        <test-method is-config="true" signature="setUp()[pri:0, instance:testcases.LogoutTest@6404f418]" started-at="2024-09-03T21:27:55 IST" name="setUp" finished-at="2024-09-03T21:27:59 IST" duration-ms="3849" status="PASS">
          <reporter-output>
          </reporter-output>
        </test-method> <!-- setUp -->
        <test-method signature="verifyFinalLogoutAction()[pri:4, instance:testcases.LogoutTest@6404f418]" started-at="2024-09-03T21:27:59 IST" name="verifyFinalLogoutAction" finished-at="2024-09-03T21:28:46 IST" duration-ms="47124" status="PASS">
          <reporter-output>
          </reporter-output>
        </test-method> <!-- verifyFinalLogoutAction -->
        <test-method is-config="true" signature="tearDown()[pri:0, instance:testcases.LogoutTest@6404f418]" started-at="2024-09-03T21:28:46 IST" name="tearDown" finished-at="2024-09-03T21:28:49 IST" duration-ms="3242" status="PASS">
          <reporter-output>
          </reporter-output>
        </test-method> <!-- tearDown -->
      </class> <!-- testcases.LogoutTest -->
    </test> <!-- Default test -->
  </suite> <!-- Default suite -->
</testng-results>
