<?xml version="1.0" encoding="UTF-8"?>
<testng-results ignored="0" total="4" passed="4" failed="0" skipped="0">
  <reporter-output>
  </reporter-output>
  <suite started-at="2024-09-04T20:28:48 IST" name="Default suite" finished-at="2024-09-04T20:32:20 IST" duration-ms="212167">
    <groups>
    </groups>
    <test started-at="2024-09-04T20:28:48 IST" name="Default test" finished-at="2024-09-04T20:32:20 IST" duration-ms="212167">
      <class name="testcases.AccountTest">
        <test-method is-config="true" signature="setUp()[pri:0, instance:testcases.AccountTest@6404f418]" started-at="2024-09-04T20:28:48 IST" name="setUp" finished-at="2024-09-04T20:28:54 IST" duration-ms="6268" status="PASS">
          <reporter-output>
          </reporter-output>
        </test-method> <!-- setUp -->
        <test-method signature="verifyAccountTextPresence()[pri:1, instance:testcases.AccountTest@6404f418]" started-at="2024-09-04T20:28:54 IST" name="verifyAccountTextPresence" finished-at="2024-09-04T20:29:31 IST" duration-ms="36892" status="PASS">
          <reporter-output>
          </reporter-output>
        </test-method> <!-- verifyAccountTextPresence -->
        <test-method is-config="true" signature="tearDown()[pri:0, instance:testcases.AccountTest@6404f418]" started-at="2024-09-04T20:29:31 IST" name="tearDown" finished-at="2024-09-04T20:29:35 IST" duration-ms="3253" status="PASS">
          <reporter-output>
          </reporter-output>
        </test-method> <!-- tearDown -->
        <test-method is-config="true" signature="setUp()[pri:0, instance:testcases.AccountTest@6404f418]" started-at="2024-09-04T20:29:35 IST" name="setUp" finished-at="2024-09-04T20:29:40 IST" duration-ms="5617" status="PASS">
          <reporter-output>
          </reporter-output>
        </test-method> <!-- setUp -->
        <test-method signature="verifyAccountPageElements()[pri:2, instance:testcases.AccountTest@6404f418]" started-at="2024-09-04T20:29:40 IST" name="verifyAccountPageElements" finished-at="2024-09-04T20:30:18 IST" duration-ms="37432" status="PASS">
          <reporter-output>
          </reporter-output>
        </test-method> <!-- verifyAccountPageElements -->
        <test-method is-config="true" signature="tearDown()[pri:0, instance:testcases.AccountTest@6404f418]" started-at="2024-09-04T20:30:18 IST" name="tearDown" finished-at="2024-09-04T20:30:21 IST" duration-ms="3218" status="PASS">
          <reporter-output>
          </reporter-output>
        </test-method> <!-- tearDown -->
        <test-method is-config="true" signature="setUp()[pri:0, instance:testcases.AccountTest@6404f418]" started-at="2024-09-04T20:30:21 IST" name="setUp" finished-at="2024-09-04T20:30:30 IST" duration-ms="8743" status="PASS">
          <reporter-output>
          </reporter-output>
        </test-method> <!-- setUp -->
        <test-method signature="verifySaveChangesButotnfunctionaoity()[pri:3, instance:testcases.AccountTest@6404f418]" started-at="2024-09-04T20:30:30 IST" name="verifySaveChangesButotnfunctionaoity" finished-at="2024-09-04T20:31:17 IST" duration-ms="47367" status="PASS">
          <reporter-output>
          </reporter-output>
        </test-method> <!-- verifySaveChangesButotnfunctionaoity -->
        <test-method is-config="true" signature="tearDown()[pri:0, instance:testcases.AccountTest@6404f418]" started-at="2024-09-04T20:31:17 IST" name="tearDown" finished-at="2024-09-04T20:31:20 IST" duration-ms="3194" status="PASS">
          <reporter-output>
          </reporter-output>
        </test-method> <!-- tearDown -->
        <test-method is-config="true" signature="setUp()[pri:0, instance:testcases.AccountTest@6404f418]" started-at="2024-09-04T20:31:20 IST" name="setUp" finished-at="2024-09-04T20:31:29 IST" duration-ms="8964" status="PASS">
          <reporter-output>
          </reporter-output>
        </test-method> <!-- setUp -->
        <test-method signature="verifyCancelButtonfunctionality()[pri:4, instance:testcases.AccountTest@6404f418]" started-at="2024-09-04T20:31:29 IST" name="verifyCancelButtonfunctionality" finished-at="2024-09-04T20:32:17 IST" duration-ms="47955" status="PASS">
          <reporter-output>
          </reporter-output>
        </test-method> <!-- verifyCancelButtonfunctionality -->
        <test-method is-config="true" signature="tearDown()[pri:0, instance:testcases.AccountTest@6404f418]" started-at="2024-09-04T20:32:17 IST" name="tearDown" finished-at="2024-09-04T20:32:20 IST" duration-ms="3220" status="PASS">
          <reporter-output>
          </reporter-output>
        </test-method> <!-- tearDown -->
      </class> <!-- testcases.AccountTest -->
    </test> <!-- Default test -->
  </suite> <!-- Default suite -->
</testng-results>
